Using pre-set license
Built from '2020.3/staging' branch; Version is '2020.3.11f1 (99c7afb366b3) revision 10078127'; Using compiler version '192528614'; Build Type 'Release'
OS: 'Windows 10 Home; OS build 19043.1387; Version 2009; 64bit' Language: 'en' Physical Memory: 16348 MB
BatchMode: 1, IsHumanControllingUs: 0, StartBugReporterOnCrash: 0, Is64bit: 1, IsPro: 0

 COMMAND LINE ARGUMENTS:
C:\Program Files\Unity\Hub\Editor\2020.3.11f1\Editor\Unity.exe
-adb2
-batchMode
-noUpm
-name
AssetImportWorker0
-projectPath
C:/Users/Kyle/Desktop/GitHub/FinalCinematic/FinalCinematicProject
-logFile
Logs/AssetImportWorker0.log
-srvPort
54371
Successfully changed project path to: C:/Users/Kyle/Desktop/GitHub/FinalCinematic/FinalCinematicProject
C:/Users/Kyle/Desktop/GitHub/FinalCinematic/FinalCinematicProject
Using Asset Import Pipeline V2.
Refreshing native plugins compatible for Editor in 36.78 ms, found 2 plugins.
Preloading 0 native plugins for Editor in 0.00 ms.
Initialize engine version: 2020.3.11f1 (99c7afb366b3)
[Subsystems] Discovering subsystems at path C:/Program Files/Unity/Hub/Editor/2020.3.11f1/Editor/Data/Resources/UnitySubsystems
[Subsystems] Discovering subsystems at path C:/Users/Kyle/Desktop/GitHub/FinalCinematic/FinalCinematicProject/Assets
GfxDevice: creating device client; threaded=0
Direct3D:
    Version:  Direct3D 11.0 [level 11.1]
    Renderer: NVIDIA GeForce GTX 1080 (ID=0x1b80)
    Vendor:   
    VRAM:     8079 MB
    Driver:   27.21.14.6647
Initialize mono
Mono path[0] = 'C:/Program Files/Unity/Hub/Editor/2020.3.11f1/Editor/Data/Managed'
Mono path[1] = 'C:/Program Files/Unity/Hub/Editor/2020.3.11f1/Editor/Data/MonoBleedingEdge/lib/mono/unityjit'
Mono config path = 'C:/Program Files/Unity/Hub/Editor/2020.3.11f1/Editor/Data/MonoBleedingEdge/etc'
Using monoOptions --debugger-agent=transport=dt_socket,embedding=1,server=y,suspend=n,address=127.0.0.1:56200
Begin MonoManager ReloadAssembly
Registering precompiled unity dll's ...
Register platform support module: C:/Program Files/Unity/Hub/Editor/2020.3.11f1/Editor/Data/PlaybackEngines/WindowsStandaloneSupport/UnityEditor.WindowsStandalone.Extensions.dll
Registered in 0.002191 seconds.
Native extension for WindowsStandalone target not found
Refreshing native plugins compatible for Editor in 32.74 ms, found 2 plugins.
Preloading 0 native plugins for Editor in 0.00 ms.
Mono: successfully reloaded assembly
- Completed reload, in  1.139 seconds
Platform modules already initialized, skipping
Registering precompiled user dll's ...
Registered in 0.004220 seconds.
Begin MonoManager ReloadAssembly
Native extension for WindowsStandalone target not found
Refreshing native plugins compatible for Editor in 33.41 ms, found 2 plugins.
Preloading 0 native plugins for Editor in 0.00 ms.
Mono: successfully reloaded assembly
- Completed reload, in  1.341 seconds
Platform modules already initialized, skipping
========================================================================
Worker process is ready to serve import requests
Launched and connected shader compiler UnityShaderCompiler.exe after 0.04 seconds
Refreshing native plugins compatible for Editor in 0.37 ms, found 2 plugins.
Preloading 0 native plugins for Editor in 0.00 ms.
Unloading 1731 Unused Serialized files (Serialized files now loaded: 0)
System memory in use before: 99.8 MB.
System memory in use after: 99.6 MB.

Unloading 33 unused Assets to reduce memory usage. Loaded Objects now: 2193.
Total: 2.120300 ms (FindLiveObjects: 0.168900 ms CreateObjectMapping: 0.060700 ms MarkObjects: 1.669100 ms  DeleteObjects: 0.219900 ms)

========================================================================
Received Import Request.
  path: Assets/S_FPS/Scripts
  artifactKey: Guid(98a45fbd9911f78409bb3d76b5c56225) Importer(815301076,1909f56bfc062723c751e8b465ee728b)
Start importing Assets/S_FPS/Scripts using Guid(98a45fbd9911f78409bb3d76b5c56225) Importer(815301076,1909f56bfc062723c751e8b465ee728b)  -> (artifact id: '2d7b5810f90ff5c0e1e180d55cdf064e') in 0.007356 seconds
  Import took 0.009952 seconds .

========================================================================
Received Import Request.
  Time since last request: 0.001328 seconds.
  path: Assets/S_FPS/Timeline.playable
  artifactKey: Guid(6add9d7dd50895f48a699cadd91b5db7) Importer(815301076,1909f56bfc062723c751e8b465ee728b)
Start importing Assets/S_FPS/Timeline.playable using Guid(6add9d7dd50895f48a699cadd91b5db7) Importer(815301076,1909f56bfc062723c751e8b465ee728b)  -> (artifact id: '5ca792e85674dada948b5988f1e2f362') in 0.052429 seconds
  Import took 0.054971 seconds .

========================================================================
Received Import Request.
  Time since last request: 6.548496 seconds.
  path: Assets/Trigger.cs
  artifactKey: Guid(64822c49779d98f4296bd29bcdb12ebb) Importer(815301076,1909f56bfc062723c751e8b465ee728b)
Start importing Assets/Trigger.cs using Guid(64822c49779d98f4296bd29bcdb12ebb) Importer(815301076,1909f56bfc062723c751e8b465ee728b)  -> (artifact id: 'a65e3d69b0212e8e067afcba66c3ad1b') in 0.023822 seconds
  Import took 0.027535 seconds .

========================================================================
Received Import Request.
  Time since last request: 95.872491 seconds.
  path: Assets/Trigger.cs
  artifactKey: Guid(64822c49779d98f4296bd29bcdb12ebb) Importer(815301076,1909f56bfc062723c751e8b465ee728b)
Start importing Assets/Trigger.cs using Guid(64822c49779d98f4296bd29bcdb12ebb) Importer(815301076,1909f56bfc062723c751e8b465ee728b)  -> (artifact id: '9e099dd769de234f1136461eec411e36') in 0.005880 seconds
  Import took 0.009006 seconds .

========================================================================
Received Import Request.
  Time since last request: 0.004697 seconds.
  path: Assets/Trigger.cs
  artifactKey: Guid(64822c49779d98f4296bd29bcdb12ebb) Importer(815301076,1909f56bfc062723c751e8b465ee728b)
Start importing Assets/Trigger.cs using Guid(64822c49779d98f4296bd29bcdb12ebb) Importer(815301076,1909f56bfc062723c751e8b465ee728b)  -> (artifact id: '9e099dd769de234f1136461eec411e36') in 0.005415 seconds
  Import took 0.007888 seconds .

========================================================================
Received Prepare
Registering precompiled user dll's ...
Registered in 0.003726 seconds.
Begin MonoManager ReloadAssembly
Native extension for WindowsStandalone target not found
Refreshing native plugins compatible for Editor in 0.36 ms, found 2 plugins.
Preloading 0 native plugins for Editor in 0.00 ms.
Mono: successfully reloaded assembly
- Completed reload, in  1.139 seconds
Platform modules already initialized, skipping
Refreshing native plugins compatible for Editor in 0.36 ms, found 2 plugins.
Preloading 0 native plugins for Editor in 0.00 ms.
Unloading 1685 Unused Serialized files (Serialized files now loaded: 0)
System memory in use before: 95.7 MB.
System memory in use after: 95.6 MB.

Unloading 18 unused Assets to reduce memory usage. Loaded Objects now: 2197.
Total: 2.000000 ms (FindLiveObjects: 0.143800 ms CreateObjectMapping: 0.048600 ms MarkObjects: 1.599500 ms  DeleteObjects: 0.207400 ms)

========================================================================
Received Prepare
Registering precompiled user dll's ...
Registered in 0.004227 seconds.
Begin MonoManager ReloadAssembly
Native extension for WindowsStandalone target not found
Refreshing native plugins compatible for Editor in 0.36 ms, found 2 plugins.
Preloading 0 native plugins for Editor in 0.00 ms.
Mono: successfully reloaded assembly
- Completed reload, in  1.231 seconds
Platform modules already initialized, skipping
Refreshing native plugins compatible for Editor in 0.55 ms, found 2 plugins.
Preloading 0 native plugins for Editor in 0.00 ms.
Unloading 1685 Unused Serialized files (Serialized files now loaded: 0)
System memory in use before: 95.8 MB.
System memory in use after: 95.7 MB.

Unloading 18 unused Assets to reduce memory usage. Loaded Objects now: 2200.
Total: 4.019200 ms (FindLiveObjects: 0.223800 ms CreateObjectMapping: 1.114800 ms MarkObjects: 2.489600 ms  DeleteObjects: 0.189600 ms)

========================================================================
Received Import Request.
  Time since last request: 85.693362 seconds.
  path: Assets/Trigger.cs
  artifactKey: Guid(64822c49779d98f4296bd29bcdb12ebb) Importer(815301076,1909f56bfc062723c751e8b465ee728b)
Start importing Assets/Trigger.cs using Guid(64822c49779d98f4296bd29bcdb12ebb) Importer(815301076,1909f56bfc062723c751e8b465ee728b)  -> (artifact id: '8468076dd8d1aca9548939d40d9e1248') in 0.004745 seconds
  Import took 0.007309 seconds .

========================================================================
Received Prepare
Registering precompiled user dll's ...
Registered in 0.007521 seconds.
Begin MonoManager ReloadAssembly
Native extension for WindowsStandalone target not found
Refreshing native plugins compatible for Editor in 0.36 ms, found 2 plugins.
Preloading 0 native plugins for Editor in 0.00 ms.
Mono: successfully reloaded assembly
- Completed reload, in  1.303 seconds
Platform modules already initialized, skipping
Refreshing native plugins compatible for Editor in 0.37 ms, found 2 plugins.
Preloading 0 native plugins for Editor in 0.00 ms.
Unloading 1685 Unused Serialized files (Serialized files now loaded: 0)
System memory in use before: 95.8 MB.
System memory in use after: 95.7 MB.

Unloading 18 unused Assets to reduce memory usage. Loaded Objects now: 2203.
Total: 1.939200 ms (FindLiveObjects: 0.149000 ms CreateObjectMapping: 0.053100 ms MarkObjects: 1.544300 ms  DeleteObjects: 0.192000 ms)

========================================================================
Received Prepare
Registering precompiled user dll's ...
Registered in 0.003623 seconds.
Begin MonoManager ReloadAssembly
Native extension for WindowsStandalone target not found
Refreshing native plugins compatible for Editor in 0.35 ms, found 2 plugins.
Preloading 0 native plugins for Editor in 0.00 ms.
Mono: successfully reloaded assembly
- Completed reload, in  1.326 seconds
Platform modules already initialized, skipping
Refreshing native plugins compatible for Editor in 0.52 ms, found 2 plugins.
Preloading 0 native plugins for Editor in 0.00 ms.
Unloading 1685 Unused Serialized files (Serialized files now loaded: 0)
System memory in use before: 95.8 MB.
System memory in use after: 95.7 MB.

Unloading 18 unused Assets to reduce memory usage. Loaded Objects now: 2206.
Total: 2.007900 ms (FindLiveObjects: 0.142300 ms CreateObjectMapping: 0.048500 ms MarkObjects: 1.604700 ms  DeleteObjects: 0.211500 ms)

========================================================================
Received Prepare
Registering precompiled user dll's ...
Registered in 0.004249 seconds.
Begin MonoManager ReloadAssembly
Native extension for WindowsStandalone target not found
Refreshing native plugins compatible for Editor in 0.37 ms, found 2 plugins.
Preloading 0 native plugins for Editor in 0.00 ms.
Mono: successfully reloaded assembly
- Completed reload, in  1.270 seconds
Platform modules already initialized, skipping
Refreshing native plugins compatible for Editor in 0.37 ms, found 2 plugins.
Preloading 0 native plugins for Editor in 0.00 ms.
Unloading 1685 Unused Serialized files (Serialized files now loaded: 0)
System memory in use before: 95.8 MB.
System memory in use after: 95.7 MB.

Unloading 18 unused Assets to reduce memory usage. Loaded Objects now: 2209.
Total: 2.025900 ms (FindLiveObjects: 0.143500 ms CreateObjectMapping: 0.044800 ms MarkObjects: 1.618500 ms  DeleteObjects: 0.218300 ms)

========================================================================
Received Prepare
Refreshing native plugins compatible for Editor in 2.99 ms, found 2 plugins.
Preloading 0 native plugins for Editor in 0.00 ms.
Unloading 15 Unused Serialized files (Serialized files now loaded: 0)
System memory in use before: 62.8 MB.
System memory in use after: 62.7 MB.

Unloading 15 unused Assets to reduce memory usage. Loaded Objects now: 2209.
Total: 2.824900 ms (FindLiveObjects: 0.282200 ms CreateObjectMapping: 0.101400 ms MarkObjects: 2.236300 ms  DeleteObjects: 0.203900 ms)

========================================================================
Received Prepare
Refreshing native plugins compatible for Editor in 3.28 ms, found 2 plugins.
Preloading 0 native plugins for Editor in 0.00 ms.
Unloading 15 Unused Serialized files (Serialized files now loaded: 0)
System memory in use before: 63.1 MB.
System memory in use after: 63.0 MB.

Unloading 15 unused Assets to reduce memory usage. Loaded Objects now: 2209.
Total: 3.237900 ms (FindLiveObjects: 0.200800 ms CreateObjectMapping: 0.550100 ms MarkObjects: 2.267700 ms  DeleteObjects: 0.218200 ms)

AssetImportWorkerClient::OnTransportError - code=2 error=End of file
